2025-06-18 05:57:33.830208: E external/local_xla/xla/stream_executor/cuda/cuda_fft.cc:467] Unable to register cuFFT factory: Attempting to register factory for plugin cuFFT when one has already been registered
WARNING: All log messages before absl::InitializeLog() is called are written to STDERR
E0000 00:00:1750206453.849401  700639 cuda_dnn.cc:8579] Unable to register cuDNN factory: Attempting to register factory for plugin cuDNN when one has already been registered
E0000 00:00:1750206453.855292  700639 cuda_blas.cc:1407] Unable to register cuBLAS factory: Attempting to register factory for plugin cuBLAS when one has already been registered
W0000 00:00:1750206453.871221  700639 computation_placer.cc:177] computation placer already registered. Please check linkage and avoid linking the same target more than once.
W0000 00:00:1750206453.871255  700639 computation_placer.cc:177] computation placer already registered. Please check linkage and avoid linking the same target more than once.
W0000 00:00:1750206453.871259  700639 computation_placer.cc:177] computation placer already registered. Please check linkage and avoid linking the same target more than once.
W0000 00:00:1750206453.871263  700639 computation_placer.cc:177] computation placer already registered. Please check linkage and avoid linking the same target more than once.
2025-06-18 05:57:33.875618: I tensorflow/core/platform/cpu_feature_guard.cc:210] This TensorFlow binary is optimized to use available CPU instructions in performance-critical operations.
To enable the following instructions: AVX2 FMA, in other operations, rebuild TensorFlow with the appropriate compiler flags.
/home/rishabh.mondal/Brick-Kilns-project/ijcai_2025_kilns/domain_experiment/scripts/continent_embedding_crops.py:37: FutureWarning: `torch.cuda.amp.GradScaler(args...)` is deprecated. Please use `torch.amp.GradScaler('cuda', args...)` instead.
  scaler = torch.cuda.amp.GradScaler()
/home/rishabh.mondal/Brick-Kilns-project/ijcai_2025_kilns/domain_experiment/scripts/continent_embedding_crops.py:49: FutureWarning: `torch.cuda.amp.autocast(args...)` is deprecated. Please use `torch.amp.autocast('cuda', args...)` instead.
  with torch.cuda.amp.autocast():
uttar_pradesh-vit_base_patch16_224 on GPU 0 | Epoch 1 Loss: 1.0624
uttar_pradesh-vit_base_patch16_224 on GPU 0 | Epoch 2 Loss: 0.8788
uttar_pradesh-vit_base_patch16_224 on GPU 0 | Epoch 3 Loss: 0.8614
uttar_pradesh-vit_base_patch16_224 on GPU 0 | Epoch 4 Loss: 0.7711
uttar_pradesh-vit_base_patch16_224 on GPU 0 | Epoch 5 Loss: 0.7425
uttar_pradesh-vit_base_patch16_224 on GPU 0 | Epoch 6 Loss: 0.7340
uttar_pradesh-vit_base_patch16_224 on GPU 0 | Epoch 7 Loss: 0.7066
uttar_pradesh-vit_base_patch16_224 on GPU 0 | Epoch 8 Loss: 0.7260
