INFO:timm.models._builder:Loading pretrained weights from Hugging Face hub (timm/vit_base_patch16_224.augreg2_in21k_ft_in1k)
INFO:timm.models._hub:[timm/vit_base_patch16_224.augreg2_in21k_ft_in1k] Safe alternative available for 'pytorch_model.bin' (as 'model.safetensors'). Loading weights using safetensors.
INFO:timm.layers.pos_embed:Resized position embedding: (14, 14) to (40, 40).
INFO:timm.models._builder:Loading pretrained weights from Hugging Face hub (timm/vit_base_patch16_224.augreg2_in21k_ft_in1k)
INFO:timm.models._hub:[timm/vit_base_patch16_224.augreg2_in21k_ft_in1k] Safe alternative available for 'pytorch_model.bin' (as 'model.safetensors'). Loading weights using safetensors.
INFO:timm.layers.pos_embed:Resized position embedding: (14, 14) to (40, 40).
INFO:timm.models._builder:Loading pretrained weights from Hugging Face hub (timm/vit_base_patch16_224.augreg2_in21k_ft_in1k)
INFO:timm.models._hub:[timm/vit_base_patch16_224.augreg2_in21k_ft_in1k] Safe alternative available for 'pytorch_model.bin' (as 'model.safetensors'). Loading weights using safetensors.
INFO:timm.layers.pos_embed:Resized position embedding: (14, 14) to (40, 40).
INFO:root:Started training for dhaka on GPU 2 with model resnet18
INFO:root:Finished training for dhaka on GPU 2 with model resnet18
INFO:root:Started training for dhaka on GPU 2 with model resnet50
INFO:root:Finished training for dhaka on GPU 2 with model resnet50
INFO:root:Started training for uttar_pradesh on GPU 1 with model resnet18
INFO:root:Finished training for uttar_pradesh on GPU 1 with model resnet18
INFO:root:Started training for pak_punjab on GPU 2 with model resnet18
INFO:root:Finished training for pak_punjab on GPU 2 with model resnet18
INFO:root:Started training for pak_punjab on GPU 2 with model resnet50
INFO:root:Finished training for pak_punjab on GPU 2 with model resnet50
INFO:root:Started training for uttar_pradesh on GPU 1 with model resnet50
INFO:root:Finished training for uttar_pradesh on GPU 1 with model resnet50
